{
  "RSpec": {
    "coverage": {
      "/Users/apprentice/Desktop/TwitterStories/app/helpers/application_helper.rb": [
        1,
        1,
        19,
        null,
        null
      ],
      "/Users/apprentice/Desktop/TwitterStories/app/helpers/users_helper.rb": [
        1,
        null,
        null
      ],
      "/Users/apprentice/Desktop/TwitterStories/app/controllers/sessions_controller.rb": [
        1,
        null,
        1,
        null,
        null,
        1,
        2,
        2,
        1,
        1,
        null,
        1,
        1,
        null,
        null,
        null,
        1,
        1,
        1,
        null,
        null
      ],
      "/Users/apprentice/Desktop/TwitterStories/app/controllers/application_controller.rb": [
        1,
        1,
        null,
        null,
        1,
        null
      ],
      "/Users/apprentice/Desktop/TwitterStories/app/controllers/stories_controller.rb": [
        1,
        1,
        null,
        1,
        2,
        2,
        null,
        null,
        1,
        2,
        2,
        null,
        null,
        1,
        3,
        6,
        3,
        3,
        null,
        0,
        null,
        null,
        null,
        1,
        1,
        6,
        null,
        null,
        null,
        null
      ],
      "/Users/apprentice/Desktop/TwitterStories/app/controllers/tweets_controller.rb": [
        1,
        1,
        2,
        2,
        2,
        null,
        0,
        null,
        null,
        null,
        1,
        3,
        3,
        3,
        null,
        0,
        null,
        null,
        null,
        1,
        2,
        null,
        null,
        1,
        1,
        3,
        null,
        null
      ],
      "/Users/apprentice/Desktop/TwitterStories/app/controllers/users_controller.rb": [
        1,
        null,
        1,
        6,
        null,
        null,
        1,
        7,
        7,
        6,
        6,
        null,
        1,
        null,
        null,
        null,
        1,
        6,
        null,
        null,
        1,
        1,
        null,
        null,
        1,
        0,
        0,
        0,
        null,
        null,
        1,
        1,
        7,
        null,
        null
      ],
      "/Users/apprentice/Desktop/TwitterStories/app/models/rating.rb": [
        1,
        1,
        1,
        1,
        null
      ],
      "/Users/apprentice/Desktop/TwitterStories/app/models/story.rb": [
        1,
        1,
        1,
        1,
        1,
        1,
        null
      ],
      "/Users/apprentice/Desktop/TwitterStories/app/models/tweet.rb": [
        1,
        1,
        1,
        1,
        1,
        null,
        1,
        null,
        null
      ],
      "/Users/apprentice/Desktop/TwitterStories/app/models/user.rb": [
        1,
        1,
        1,
        null,
        1,
        1,
        1,
        null,
        null,
        1,
        0,
        0,
        null,
        null,
        null
      ],
      "/Users/apprentice/Desktop/TwitterStories/app/models/tweet_story.rb": [
        1,
        null,
        1,
        1,
        null,
        null
      ],
      "/Users/apprentice/Desktop/TwitterStories/app/models/comment.rb": [
        1,
        1,
        null
      ]
    },
    "timestamp": 1396760083
  }
}
