{
  "RSpec": {
    "coverage": {
      "/Users/apprentice/Desktop/TwitterStories/app/helpers/application_helper.rb": [
        1,
        1,
        136,
        null,
        null
      ],
      "/Users/apprentice/Desktop/TwitterStories/app/helpers/users_helper.rb": [
        1,
        null,
        null
      ],
      "/Users/apprentice/Desktop/TwitterStories/app/controllers/sessions_controller.rb": [
        1,
        null,
        1,
        2,
        2,
        1,
        1,
        null,
        1,
        1,
        null,
        null,
        null,
        1,
        1,
        1,
        null,
        null
      ],
      "/Users/apprentice/Desktop/TwitterStories/app/controllers/application_controller.rb": [
        1,
        1,
        null,
        null,
        1,
        null
      ],
      "/Users/apprentice/Desktop/TwitterStories/app/controllers/stories_controller.rb": [
        1,
        1,
        null,
        1,
        3,
        3,
        3,
        null,
        null,
        1,
        4,
        4,
        null,
        0,
        null,
        4,
        4,
        null,
        null,
        1,
        3,
        6,
        3,
        3,
        null,
        null,
        null,
        null,
        0,
        null,
        null,
        1,
        0,
        0,
        0,
        null,
        null,
        1,
        0,
        0,
        0,
        0,
        0,
        null,
        0,
        null,
        null,
        null,
        null,
        1,
        1,
        1,
        1,
        null,
        null,
        1,
        2,
        2,
        4,
        2,
        2,
        null,
        0,
        null,
        null,
        null,
        1,
        3,
        3,
        null,
        3,
        null,
        null,
        1,
        1,
        10,
        null,
        null,
        null,
        null
      ],
      "/Users/apprentice/Desktop/TwitterStories/app/controllers/tweets_controller.rb": [
        1,
        1,
        5,
        4,
        4,
        null,
        1,
        null,
        null,
        null,
        1,
        4,
        4,
        3,
        null,
        1,
        null,
        null,
        null,
        1,
        4,
        null,
        null,
        1,
        1,
        4,
        null,
        null
      ],
      "/Users/apprentice/Desktop/TwitterStories/app/controllers/users_controller.rb": [
        1,
        null,
        1,
        0,
        null,
        null,
        1,
        13,
        13,
        12,
        12,
        null,
        1,
        null,
        null,
        null,
        1,
        17,
        null,
        null,
        1,
        1,
        null,
        null,
        1,
        2,
        2,
        2,
        null,
        null,
        1,
        1,
        15,
        null,
        null
      ],
      "/Users/apprentice/Desktop/TwitterStories/app/models/rating.rb": [
        1,
        1,
        1,
        1,
        null
      ],
      "/Users/apprentice/Desktop/TwitterStories/app/models/story.rb": [
        1,
        1,
        1,
        1,
        1,
        1,
        null
      ],
      "/Users/apprentice/Desktop/TwitterStories/app/models/tweet.rb": [
        1,
        1,
        1,
        1,
        1,
        null,
        1,
        null,
        null
      ],
      "/Users/apprentice/Desktop/TwitterStories/app/models/user.rb": [
        1,
        1,
        1,
        null,
        1,
        1,
        1,
        null,
        null
      ],
      "/Users/apprentice/Desktop/TwitterStories/app/models/tweet_story.rb": [
        1,
        null,
        1,
        1,
        null,
        null
      ],
      "/Users/apprentice/Desktop/TwitterStories/app/models/comment.rb": [
        1,
        1,
        null
      ],
      "/Users/apprentice/Desktop/TwitterStories/app/controllers/welcome_controller.rb": [
        1,
        1,
        11,
        0,
        null,
        11,
        null,
        null,
        null
      ]
    },
    "timestamp": 1396828362
  }
}
